*** Namespace Error (ERR_8): Unknown identifier
  at file C:\Users\samue\AppData\Local\Temp\ScadeChecker\7200\checker_file.scade, line 410, character 8
  at path Ccsl::Mg_delta/delta/
 the type or group identifier int is undefined at this point
*** Namespace Error (ERR_8): Unknown identifier
  at file C:\Users\samue\AppData\Local\Temp\ScadeChecker\7200\checker_file.scade, line 423, character 7
  at path Ccsl::Mg_delta/_L19/
 the type or group identifier int is undefined at this point
*** Namespace Error (ERR_8): Unknown identifier
  at file C:\Users\samue\AppData\Local\Temp\ScadeChecker\7200\checker_file.scade, line 427, character 7
  at path Ccsl::Mg_delta/_L20/
 the type or group identifier int is undefined at this point
*** Namespace Error (ERR_8): Unknown identifier
  at file C:\Users\samue\AppData\Local\Temp\ScadeChecker\7200\checker_file.scade, line 431, character 7
  at path Ccsl::Mg_delta/_L21/
 the type or group identifier int is undefined at this point
*** Namespace Error (ERR_8): Unknown identifier
  at file C:\Users\samue\AppData\Local\Temp\ScadeChecker\7200\checker_file.scade, line 435, character 7
  at path Ccsl::Mg_delta/_L22/
 the type or group identifier int is undefined at this point
*** Namespace Error (ERR_8): Unknown identifier
  at file C:\Users\samue\AppData\Local\Temp\ScadeChecker\7200\checker_file.scade, line 439, character 7
  at path Ccsl::Mg_delta/_L23/
 the type or group identifier int is undefined at this point
*** Namespace Error (ERR_8): Unknown identifier
  at file C:\Users\samue\AppData\Local\Temp\ScadeChecker\7200\checker_file.scade, line 443, character 7
  at path Ccsl::Mg_delta/_L24/
 the type or group identifier int is undefined at this point
*** Namespace Error (ERR_8): Unknown identifier
  at file C:\Users\samue\AppData\Local\Temp\ScadeChecker\7200\checker_file.scade, line 447, character 7
  at path Ccsl::Mg_delta/_L25/
 the type or group identifier int is undefined at this point
*** Namespace Error (ERR_8): Unknown identifier
  at file C:\Users\samue\AppData\Local\Temp\ScadeChecker\7200\checker_file.scade, line 451, character 7
  at path Ccsl::Mg_delta/_L26/
 the type or group identifier int is undefined at this point
*** Namespace Error (ERR_8): Unknown identifier
  at file C:\Users\samue\AppData\Local\Temp\ScadeChecker\7200\checker_file.scade, line 914, character 6
  at path Ccsl::Observers::Precedes/_L3/
 the type or group identifier int is undefined at this point
*** Namespace Error (ERR_8): Unknown identifier
  at file C:\Users\samue\AppData\Local\Temp\ScadeChecker\7200\checker_file.scade, line 922, character 6
  at path Ccsl::Observers::Precedes/_L5/
 the type or group identifier int is undefined at this point
